<?xml version="1.0" encoding="UTF-8" ?>
<testsuite errors="0" failures="0" hostname="vbeliaev-PC" name="myebay1.NotificationControllerTests" tests="1" time="0.172" timestamp="2012-04-15T04:30:25">
  <properties />
  <testcase classname="myebay1.NotificationControllerTests" name="testSomething" time="0.141" />
  <system-out><![CDATA[--Output from testSomething--
]]></system-out>
  <system-err><![CDATA[--Output from testSomething--
]]></system-err>
</testsuite>
