<?xml version="1.0" encoding="UTF-8" ?>
<testsuite errors="0" failures="0" hostname="vbeliaev-PC" name="myebay1.CustomerTests" tests="4" time="0.203" timestamp="2012-04-15T04:30:24">
  <properties />
  <testcase classname="myebay1.CustomerTests" name="testCustomerMissingProperty" time="0.062" />
  <testcase classname="myebay1.CustomerTests" name="testCustomerInvalidEmailSave" time="0.047" />
  <testcase classname="myebay1.CustomerTests" name="testPasswordLength" time="0.031" />
  <testcase classname="myebay1.CustomerTests" name="testValidCustomerSave" time="0.016" />
  <system-out><![CDATA[--Output from testCustomerMissingProperty--
--Output from testCustomerInvalidEmailSave--
--Output from testPasswordLength--
--Output from testValidCustomerSave--
]]></system-out>
  <system-err><![CDATA[--Output from testCustomerMissingProperty--
--Output from testCustomerInvalidEmailSave--
--Output from testPasswordLength--
--Output from testValidCustomerSave--
]]></system-err>
</testsuite>
