<?xml version="1.0" encoding="UTF-8" ?>
<testsuite errors="0" failures="0" hostname="vbeliaev-PC" name="myebay1.BiddingIntegrationTests" tests="1" time="0.172" timestamp="2012-04-15T04:30:39">
  <properties />
  <testcase classname="myebay1.BiddingIntegrationTests" name="testBiddingProcess" time="0.172" />
  <system-out><![CDATA[--Output from testBiddingProcess--
Hibernate: select this_.id as id0_0_, this_.version as version0_0_, this_.date_created as date3_0_0_, this_.email as email0_0_, this_.last_updated as last5_0_0_, this_.password as password0_0_, this_.role as role0_0_ from customer this_ where this_.email=?
Hibernate: select this_.id as id0_0_, this_.version as version0_0_, this_.date_created as date3_0_0_, this_.email as email0_0_, this_.last_updated as last5_0_0_, this_.password as password0_0_, this_.role as role0_0_ from customer this_ where this_.email=?
Hibernate: insert into customer (id, version, date_created, email, last_updated, password, role) values (null, ?, ?, ?, ?, ?, ?)
Hibernate: select this_.id as id0_0_, this_.version as version0_0_, this_.date_created as date3_0_0_, this_.email as email0_0_, this_.last_updated as last5_0_0_, this_.password as password0_0_, this_.role as role0_0_ from customer this_ where this_.email=?
Hibernate: select this_.id as id0_0_, this_.version as version0_0_, this_.date_created as date3_0_0_, this_.email as email0_0_, this_.last_updated as last5_0_0_, this_.password as password0_0_, this_.role as role0_0_ from customer this_ where this_.email=?
Hibernate: insert into customer (id, version, date_created, email, last_updated, password, role) values (null, ?, ?, ?, ?, ?, ?)
Hibernate: select this_.id as id0_0_, this_.version as version0_0_, this_.date_created as date3_0_0_, this_.email as email0_0_, this_.last_updated as last5_0_0_, this_.password as password0_0_, this_.role as role0_0_ from customer this_ where this_.email=?
Hibernate: select this_.id as id0_0_, this_.version as version0_0_, this_.date_created as date3_0_0_, this_.email as email0_0_, this_.last_updated as last5_0_0_, this_.password as password0_0_, this_.role as role0_0_ from customer this_ where this_.email=?
Hibernate: insert into customer (id, version, date_created, email, last_updated, password, role) values (null, ?, ?, ?, ?, ?, ?)
Hibernate: select this_.id as id0_0_, this_.version as version0_0_, this_.date_created as date3_0_0_, this_.email as email0_0_, this_.last_updated as last5_0_0_, this_.password as password0_0_, this_.role as role0_0_ from customer this_ where this_.email=?
Hibernate: select this_.id as id0_0_, this_.version as version0_0_, this_.date_created as date3_0_0_, this_.email as email0_0_, this_.last_updated as last5_0_0_, this_.password as password0_0_, this_.role as role0_0_ from customer this_ where this_.email=?
Hibernate: insert into customer (id, version, date_created, email, last_updated, password, role) values (null, ?, ?, ?, ?, ?, ?)
Hibernate: select max(bidding0_.bidding_price) as col_0_0_ from bidding bidding0_ where bidding0_.listing_id=?
Hibernate: select bidding0_.id as id2_, bidding0_.version as version2_, bidding0_.bidder_id as bidder3_2_, bidding0_.bidding_price as bidding4_2_, bidding0_.date_created as date5_2_, bidding0_.last_updated as last6_2_, bidding0_.listing_id as listing7_2_ from bidding bidding0_ where bidding0_.bidding_price=? and bidding0_.listing_id=? limit ?
Hibernate: select bidding0_.id as id2_, bidding0_.version as version2_, bidding0_.bidder_id as bidder3_2_, bidding0_.bidding_price as bidding4_2_, bidding0_.date_created as date5_2_, bidding0_.last_updated as last6_2_, bidding0_.listing_id as listing7_2_ from bidding bidding0_ where bidding0_.bidding_price=? and bidding0_.listing_id=? limit ?
Hibernate: select bidding0_.id as id2_, bidding0_.version as version2_, bidding0_.bidder_id as bidder3_2_, bidding0_.bidding_price as bidding4_2_, bidding0_.date_created as date5_2_, bidding0_.last_updated as last6_2_, bidding0_.listing_id as listing7_2_ from bidding bidding0_ where bidding0_.bidding_price=? and bidding0_.listing_id=? limit ?
Hibernate: select bidding0_.id as id2_, bidding0_.version as version2_, bidding0_.bidder_id as bidder3_2_, bidding0_.bidding_price as bidding4_2_, bidding0_.date_created as date5_2_, bidding0_.last_updated as last6_2_, bidding0_.listing_id as listing7_2_ from bidding bidding0_ where bidding0_.bidding_price=? and bidding0_.listing_id=? limit ?
Hibernate: insert into listing (id, version, date_created, description, end_time, last_updated, name, number_of_notifications, seller_id, starting_bid_price) values (null, ?, ?, ?, ?, ?, ?, ?, ?, ?)
Hibernate: select bidding0_.id as id2_, bidding0_.version as version2_, bidding0_.bidder_id as bidder3_2_, bidding0_.bidding_price as bidding4_2_, bidding0_.date_created as date5_2_, bidding0_.last_updated as last6_2_, bidding0_.listing_id as listing7_2_ from bidding bidding0_ where bidding0_.bidding_price=? and bidding0_.listing_id=? limit ?
Hibernate: select bidding0_.id as id2_, bidding0_.version as version2_, bidding0_.bidder_id as bidder3_2_, bidding0_.bidding_price as bidding4_2_, bidding0_.date_created as date5_2_, bidding0_.last_updated as last6_2_, bidding0_.listing_id as listing7_2_ from bidding bidding0_ where bidding0_.bidding_price=? and bidding0_.listing_id=? limit ?
Hibernate: select bidding0_.id as id2_, bidding0_.version as version2_, bidding0_.bidder_id as bidder3_2_, bidding0_.bidding_price as bidding4_2_, bidding0_.date_created as date5_2_, bidding0_.last_updated as last6_2_, bidding0_.listing_id as listing7_2_ from bidding bidding0_ where bidding0_.bidding_price=? and bidding0_.listing_id=? limit ?
Hibernate: select bidding0_.id as id2_, bidding0_.version as version2_, bidding0_.bidder_id as bidder3_2_, bidding0_.bidding_price as bidding4_2_, bidding0_.date_created as date5_2_, bidding0_.last_updated as last6_2_, bidding0_.listing_id as listing7_2_ from bidding bidding0_ where bidding0_.bidding_price=? and bidding0_.listing_id=? limit ?
Hibernate: insert into listing (id, version, date_created, description, end_time, last_updated, name, number_of_notifications, seller_id, starting_bid_price) values (null, ?, ?, ?, ?, ?, ?, ?, ?, ?)
Hibernate: select max(bidding0_.bidding_price) as col_0_0_ from bidding bidding0_ where bidding0_.listing_id=?
Hibernate: insert into bidding (id, version, bidder_id, bidding_price, date_created, last_updated, listing_id) values (null, ?, ?, ?, ?, ?, ?)
Hibernate: select listing0_.id as id1_1_, listing0_.version as version1_1_, listing0_.date_created as date3_1_1_, listing0_.description as descript4_1_1_, listing0_.end_time as end5_1_1_, listing0_.last_updated as last6_1_1_, listing0_.name as name1_1_, listing0_.number_of_notifications as number8_1_1_, listing0_.seller_id as seller9_1_1_, listing0_.starting_bid_price as starting10_1_1_, biddings1_.listing_id as listing7_1_3_, biddings1_.id as id3_, biddings1_.id as id2_0_, biddings1_.version as version2_0_, biddings1_.bidder_id as bidder3_2_0_, biddings1_.bidding_price as bidding4_2_0_, biddings1_.date_created as date5_2_0_, biddings1_.last_updated as last6_2_0_, biddings1_.listing_id as listing7_2_0_ from listing listing0_ left outer join bidding biddings1_ on listing0_.id=biddings1_.listing_id where listing0_.id=?
Hibernate: select max(bidding0_.bidding_price) as col_0_0_ from bidding bidding0_ where bidding0_.listing_id=?
Hibernate: select max(bidding0_.bidding_price) as col_0_0_ from bidding bidding0_ where bidding0_.listing_id=?
Hibernate: insert into bidding (id, version, bidder_id, bidding_price, date_created, last_updated, listing_id) values (null, ?, ?, ?, ?, ?, ?)
Hibernate: select bidding0_.id as id2_0_, bidding0_.version as version2_0_, bidding0_.bidder_id as bidder3_2_0_, bidding0_.bidding_price as bidding4_2_0_, bidding0_.date_created as date5_2_0_, bidding0_.last_updated as last6_2_0_, bidding0_.listing_id as listing7_2_0_ from bidding bidding0_ where bidding0_.id=?
Hibernate: select listing0_.id as id1_1_, listing0_.version as version1_1_, listing0_.date_created as date3_1_1_, listing0_.description as descript4_1_1_, listing0_.end_time as end5_1_1_, listing0_.last_updated as last6_1_1_, listing0_.name as name1_1_, listing0_.number_of_notifications as number8_1_1_, listing0_.seller_id as seller9_1_1_, listing0_.starting_bid_price as starting10_1_1_, biddings1_.listing_id as listing7_1_3_, biddings1_.id as id3_, biddings1_.id as id2_0_, biddings1_.version as version2_0_, biddings1_.bidder_id as bidder3_2_0_, biddings1_.bidding_price as bidding4_2_0_, biddings1_.date_created as date5_2_0_, biddings1_.last_updated as last6_2_0_, biddings1_.listing_id as listing7_2_0_ from listing listing0_ left outer join bidding biddings1_ on listing0_.id=biddings1_.listing_id where listing0_.id=?
Hibernate: select max(bidding0_.bidding_price) as col_0_0_ from bidding bidding0_ where bidding0_.listing_id=?
Hibernate: select max(bidding0_.bidding_price) as col_0_0_ from bidding bidding0_ where bidding0_.listing_id=?
Hibernate: select max(bidding0_.bidding_price) as col_0_0_ from bidding bidding0_ where bidding0_.listing_id=?
Hibernate: select bidding0_.id as id2_0_, bidding0_.version as version2_0_, bidding0_.bidder_id as bidder3_2_0_, bidding0_.bidding_price as bidding4_2_0_, bidding0_.date_created as date5_2_0_, bidding0_.last_updated as last6_2_0_, bidding0_.listing_id as listing7_2_0_ from bidding bidding0_ where bidding0_.id=?
Hibernate: select bidding0_.id as id2_0_, bidding0_.version as version2_0_, bidding0_.bidder_id as bidder3_2_0_, bidding0_.bidding_price as bidding4_2_0_, bidding0_.date_created as date5_2_0_, bidding0_.last_updated as last6_2_0_, bidding0_.listing_id as listing7_2_0_ from bidding bidding0_ where bidding0_.id=?
Hibernate: select listing0_.id as id1_1_, listing0_.version as version1_1_, listing0_.date_created as date3_1_1_, listing0_.description as descript4_1_1_, listing0_.end_time as end5_1_1_, listing0_.last_updated as last6_1_1_, listing0_.name as name1_1_, listing0_.number_of_notifications as number8_1_1_, listing0_.seller_id as seller9_1_1_, listing0_.starting_bid_price as starting10_1_1_, biddings1_.listing_id as listing7_1_3_, biddings1_.id as id3_, biddings1_.id as id2_0_, biddings1_.version as version2_0_, biddings1_.bidder_id as bidder3_2_0_, biddings1_.bidding_price as bidding4_2_0_, biddings1_.date_created as date5_2_0_, biddings1_.last_updated as last6_2_0_, biddings1_.listing_id as listing7_2_0_ from listing listing0_ left outer join bidding biddings1_ on listing0_.id=biddings1_.listing_id where listing0_.id=?
Hibernate: select max(bidding0_.bidding_price) as col_0_0_ from bidding bidding0_ where bidding0_.listing_id=?
Hibernate: select max(bidding0_.bidding_price) as col_0_0_ from bidding bidding0_ where bidding0_.listing_id=?
Hibernate: insert into bidding (id, version, bidder_id, bidding_price, date_created, last_updated, listing_id) values (null, ?, ?, ?, ?, ?, ?)
Hibernate: select bidding0_.id as id2_0_, bidding0_.version as version2_0_, bidding0_.bidder_id as bidder3_2_0_, bidding0_.bidding_price as bidding4_2_0_, bidding0_.date_created as date5_2_0_, bidding0_.last_updated as last6_2_0_, bidding0_.listing_id as listing7_2_0_ from bidding bidding0_ where bidding0_.id=?
Hibernate: select bidding0_.id as id2_0_, bidding0_.version as version2_0_, bidding0_.bidder_id as bidder3_2_0_, bidding0_.bidding_price as bidding4_2_0_, bidding0_.date_created as date5_2_0_, bidding0_.last_updated as last6_2_0_, bidding0_.listing_id as listing7_2_0_ from bidding bidding0_ where bidding0_.id=?
Hibernate: select listing0_.id as id1_1_, listing0_.version as version1_1_, listing0_.date_created as date3_1_1_, listing0_.description as descript4_1_1_, listing0_.end_time as end5_1_1_, listing0_.last_updated as last6_1_1_, listing0_.name as name1_1_, listing0_.number_of_notifications as number8_1_1_, listing0_.seller_id as seller9_1_1_, listing0_.starting_bid_price as starting10_1_1_, biddings1_.listing_id as listing7_1_3_, biddings1_.id as id3_, biddings1_.id as id2_0_, biddings1_.version as version2_0_, biddings1_.bidder_id as bidder3_2_0_, biddings1_.bidding_price as bidding4_2_0_, biddings1_.date_created as date5_2_0_, biddings1_.last_updated as last6_2_0_, biddings1_.listing_id as listing7_2_0_ from listing listing0_ left outer join bidding biddings1_ on listing0_.id=biddings1_.listing_id where listing0_.id=?
Hibernate: select max(bidding0_.bidding_price) as col_0_0_ from bidding bidding0_ where bidding0_.listing_id=?
Hibernate: select max(bidding0_.bidding_price) as col_0_0_ from bidding bidding0_ where bidding0_.listing_id=?
Hibernate: select max(bidding0_.bidding_price) as col_0_0_ from bidding bidding0_ where bidding0_.listing_id=?
Hibernate: select bidding0_.id as id2_, bidding0_.version as version2_, bidding0_.bidder_id as bidder3_2_, bidding0_.bidding_price as bidding4_2_, bidding0_.date_created as date5_2_, bidding0_.last_updated as last6_2_, bidding0_.listing_id as listing7_2_ from bidding bidding0_ where bidding0_.bidding_price=? and bidding0_.listing_id=? limit ?
]]></system-out>
  <system-err><![CDATA[--Output from testBiddingProcess--
]]></system-err>
</testsuite>
