<?xml version="1.0" encoding="UTF-8" ?>
<testsuite errors="0" failures="0" hostname="vbeliaev-PC" name="myebay1.OnNotificationServiceTests" tests="1" time="0.016" timestamp="2012-04-15T04:30:25">
  <properties />
  <testcase classname="myebay1.OnNotificationServiceTests" name="testSomething" time="0.016" />
  <system-out><![CDATA[--Output from testSomething--
]]></system-out>
  <system-err><![CDATA[--Output from testSomething--
]]></system-err>
</testsuite>
