<?xml version="1.0" encoding="UTF-8" ?>
<testsuite errors="0" failures="0" hostname="vbeliaev-PC" name="myebay1.ListingControllerTests" tests="1" time="0.25" timestamp="2012-04-15T04:30:24">
  <properties />
  <testcase classname="myebay1.ListingControllerTests" name="testRedirectToCreateBidding" time="0.187" />
  <system-out><![CDATA[--Output from testRedirectToCreateBidding--
]]></system-out>
  <system-err><![CDATA[--Output from testRedirectToCreateBidding--
]]></system-err>
</testsuite>
